2025-12-06 11:05:33,105 - INFO - База данных инициализирована 📊
2025-12-06 11:05:33,118 - INFO - Загружены задержки: freeze={'min': 0.5, 'max': 1.5}, cooldown=300 ⏱️
2025-12-06 11:05:33,124 - INFO - Бот запущен 🚀
2025-12-06 11:05:45,908 - INFO - Проверка подписки для user_id=8065283718: статус=creator
2025-12-06 11:05:46,746 - INFO - Отправлено приветственное сообщение для user_id=8065283718
2025-12-06 11:05:49,963 - INFO - Проверка подписки для user_id=8065283718: статус=creator
2025-12-06 11:05:54,701 - INFO - Открыта админ-панель для user_id=8065283718
2025-12-06 11:05:57,556 - INFO - Запрошен ID и срок подписки для user_id=8065283718
2025-12-06 11:05:58,798 - INFO - Проверка подписки для user_id=8065283718: статус=creator
2025-12-06 11:05:59,119 - INFO - Возврат в главное меню для user_id=8065283718
2025-12-06 11:06:01,259 - INFO - Открыта админ-панель для user_id=8065283718
2025-12-06 11:06:02,412 - WARNING - Создана директория sessions, но сессии не найдены 📁
2025-12-06 11:06:02,735 - INFO - Отправлена статистика сессий для администратора user_id=8065283718
2025-12-06 11:08:14,308 - INFO - База данных инициализирована 📊
2025-12-06 11:08:14,310 - INFO - Загружены задержки: freeze={'min': 0.5, 'max': 1.5}, cooldown=300 ⏱️
2025-12-06 11:08:14,310 - INFO - Бот запущен 🚀
2025-12-06 11:08:18,952 - INFO - Проверка подписки для user_id=8065283718: статус=creator
2025-12-06 11:08:19,258 - INFO - Отправлено приветственное сообщение для user_id=8065283718
2025-12-06 11:08:21,799 - INFO - Проверка подписки для user_id=8065283718: статус=creator
2025-12-06 11:08:22,106 - INFO - Отправлен магазин для user_id=8065283718
2025-12-06 11:08:24,152 - INFO - Проверка подписки для user_id=8065283718: статус=creator
2025-12-06 11:08:24,806 - INFO - Отправлен счет на оплату для user_id=8065283718, invoice_id=39101993
2025-12-06 11:08:26,752 - INFO - Проверка подписки для user_id=8065283718: статус=creator
2025-12-06 11:08:27,064 - INFO - Возврат в главное меню для user_id=8065283718
2025-12-06 11:08:28,889 - INFO - Проверка подписки для user_id=8065283718: статус=creator
2025-12-06 11:08:29,194 - INFO - Отправлен магазин для user_id=8065283718
2025-12-06 11:08:30,049 - INFO - Проверка подписки для user_id=8065283718: статус=creator
2025-12-06 11:08:30,357 - INFO - Возврат в главное меню для user_id=8065283718
2025-12-06 11:08:31,218 - INFO - Проверка подписки для user_id=8065283718: статус=creator
2025-12-06 11:08:31,606 - INFO - Отправлен профиль для user_id=8065283718
2025-12-06 11:08:32,819 - INFO - Проверка подписки для user_id=8065283718: статус=creator
2025-12-06 11:08:33,134 - INFO - Возврат в главное меню для user_id=8065283718
2025-12-06 11:08:34,733 - INFO - Проверка подписки для user_id=8065283718: статус=creator
2025-12-06 11:08:35,045 - INFO - Отправлена вкладка информации для user_id=8065283718
2025-12-06 11:08:36,813 - INFO - Проверка подписки для user_id=8065283718: статус=creator
2025-12-06 11:08:37,120 - INFO - Возврат в главное меню для user_id=8065283718
2025-12-06 11:08:38,224 - INFO - Проверка подписки для user_id=8065283718: статус=creator
2025-12-06 11:08:41,836 - INFO - Открыта админ-панель для user_id=8065283718
2025-12-06 11:08:42,979 - WARNING - Создана директория sessions, но сессии не найдены 📁
2025-12-06 11:08:43,286 - INFO - Отправлена статистика сессий для администратора user_id=8065283718
2025-12-06 11:08:45,043 - INFO - Проверка подписки для user_id=8065283718: статус=creator
2025-12-06 11:08:45,357 - INFO - Возврат в главное меню для user_id=8065283718
2025-12-06 11:10:14,050 - INFO - База данных инициализирована 📊
2025-12-06 11:10:14,051 - INFO - Загружены задержки: freeze={'min': 0.5, 'max': 1.5}, cooldown=300 ⏱️
2025-12-06 11:10:14,051 - INFO - Бот запущен 🚀
2025-12-06 11:10:26,717 - INFO - Проверка подписки для user_id=8065283718: статус=creator
2025-12-06 11:10:27,024 - INFO - Отправлено приветственное сообщение для user_id=8065283718
2025-12-06 11:10:28,872 - INFO - Открыта админ-панель для user_id=8065283718
2025-12-06 11:10:30,254 - INFO - Найдено 1 файлов сессий 📄
2025-12-06 11:10:30,255 - INFO - Валидация сессии sessions/573219313078.session (1/20000)
2025-12-06 11:10:30,260 - INFO - Connecting to 149.154.175.52:443/TcpFull...
2025-12-06 11:10:30,433 - INFO - Connection to 149.154.175.52:443/TcpFull complete!
2025-12-06 11:10:31,186 - INFO - Сессия sessions/573219313078.session авторизована: True
2025-12-06 11:10:31,187 - INFO - Disconnecting from 149.154.175.52:443/TcpFull...
2025-12-06 11:10:31,189 - INFO - Disconnection from 149.154.175.52:443/TcpFull complete!
2025-12-06 11:10:31,232 - INFO - Загружено 1 валидных сессий ✅
2025-12-06 11:10:31,541 - INFO - Отправлена статистика сессий для администратора user_id=8065283718
2025-12-06 11:10:43,729 - INFO - Проверка подписки для user_id=8065283718: статус=creator
2025-12-06 11:10:44,055 - INFO - Возврат в главное меню для user_id=8065283718
2025-12-06 11:10:47,223 - INFO - Открыта админ-панель для user_id=8065283718
2025-12-06 11:10:49,193 - INFO - Запрошен ID и срок подписки для user_id=8065283718
2025-12-06 11:10:54,892 - INFO - Подписка на 1 дней выдана пользователю user_id=8065283718 админом user_id=8065283718
2025-12-06 11:10:57,512 - INFO - Проверка подписки для user_id=8065283718: статус=creator
2025-12-06 11:10:57,818 - INFO - Отправлено приветственное сообщение для user_id=8065283718
2025-12-06 11:10:59,179 - INFO - Проверка подписки для user_id=8065283718: статус=creator
2025-12-06 11:10:59,623 - INFO - Запрошена ссылка для заморозки от user_id=8065283718
2025-12-06 11:11:01,334 - INFO - Проверка подписки для user_id=8065283718: статус=creator
2025-12-06 11:11:01,655 - INFO - Возврат в главное меню для user_id=8065283718
2025-12-06 11:11:03,417 - INFO - Проверка подписки для user_id=8065283718: статус=creator
2025-12-06 11:11:03,738 - INFO - Отправлен профиль для user_id=8065283718
2025-12-06 11:11:05,053 - INFO - Проверка подписки для user_id=8065283718: статус=creator
2025-12-06 11:11:05,356 - INFO - Возврат в главное меню для user_id=8065283718
2025-12-06 11:11:06,639 - INFO - Проверка подписки для user_id=8065283718: статус=creator
2025-12-06 11:11:06,957 - INFO - Отправлена вкладка информации для user_id=8065283718
2025-12-06 11:11:16,790 - INFO - Проверка подписки для user_id=8065283718: статус=creator
2025-12-06 11:11:17,095 - INFO - Возврат в главное меню для user_id=8065283718
2025-12-06 11:11:18,192 - INFO - Проверка подписки для user_id=8065283718: статус=creator
2025-12-06 11:11:18,497 - INFO - Запрошена ссылка для заморозки от user_id=8065283718
2025-12-06 11:11:18,665 - INFO - Проверка подписки для user_id=8065283718: статус=creator
2025-12-06 11:11:18,926 - INFO - Тег @MinisterTagg_bot отсутствует в отображаемом имени пользователя user_id=8065283718
2025-12-06 11:11:19,485 - INFO - Проверка подписки для user_id=8065283718: статус=creator
2025-12-06 11:11:19,736 - INFO - Возврат в главное меню для user_id=8065283718
2025-12-06 11:11:20,916 - INFO - Проверка подписки для user_id=8065283718: статус=creator
2025-12-06 11:11:21,241 - INFO - Тег @MinisterTagg_bot отсутствует в отображаемом имени пользователя user_id=8065283718
2025-12-06 11:11:23,967 - INFO - Проверка подписки для user_id=8065283718: статус=creator
2025-12-06 11:11:24,270 - INFO - Возврат в главное меню для user_id=8065283718
2025-12-06 11:11:25,465 - INFO - Проверка подписки для user_id=8065283718: статус=creator
2025-12-06 11:11:25,770 - INFO - Отправлена вкладка информации для user_id=8065283718
